{"/Users/kenichibeveridge/code/chungus84/DigitalFutures/challenges/news-summary/news-summary-challenge/src/Components/HeadlineCard.jsx": {"path":"/Users/kenichibeveridge/code/chungus84/DigitalFutures/challenges/news-summary/news-summary-challenge/src/Components/HeadlineCard.jsx","statementMap":{"0":{"start":{"line":6,"column":21},"end":{"line":22,"column":null}},"1":{"start":{"line":8,"column":21},"end":{"line":8,"column":null}},"2":{"start":{"line":9,"column":20},"end":{"line":9,"column":null}},"3":{"start":{"line":10,"column":27},"end":{"line":10,"column":null}},"4":{"start":{"line":12,"column":4},"end":{"line":19,"column":null}},"5":{"start":{"line":14,"column":79},"end":{"line":14,"column":null}},"6":{"start":{"line":24,"column":0},"end":{"line":29,"column":null}}},"fnMap":{"0":{"name":"(anonymous_0)","decl":{"start":{"line":6,"column":21},"end":{"line":6,"column":22}},"loc":{"start":{"line":6,"column":55},"end":{"line":22,"column":null}}},"1":{"name":"(anonymous_1)","decl":{"start":{"line":14,"column":73},"end":{"line":14,"column":79}},"loc":{"start":{"line":14,"column":79},"end":{"line":14,"column":null}}}},"branchMap":{"0":{"loc":{"start":{"line":9,"column":20},"end":{"line":9,"column":null}},"type":"cond-expr","locations":[{"start":{"line":9,"column":39},"end":{"line":9,"column":57}},{"start":{"line":9,"column":57},"end":{"line":9,"column":null}}]},"1":{"loc":{"start":{"line":10,"column":27},"end":{"line":10,"column":null}},"type":"cond-expr","locations":[{"start":{"line":10,"column":46},"end":{"line":10,"column":65}},{"start":{"line":10,"column":65},"end":{"line":10,"column":null}}]}},"s":{"0":1,"1":1,"2":1,"3":1,"4":1,"5":0,"6":1},"f":{"0":1,"1":0},"b":{"0":[0,1],"1":[0,1]}}
,"/Users/kenichibeveridge/code/chungus84/DigitalFutures/challenges/news-summary/news-summary-challenge/src/Components/HeadlinePages.jsx": {"path":"/Users/kenichibeveridge/code/chungus84/DigitalFutures/challenges/news-summary/news-summary-challenge/src/Components/HeadlinePages.jsx","statementMap":{"0":{"start":{"line":4,"column":22},"end":{"line":27,"column":null}},"1":{"start":{"line":16,"column":20},"end":{"line":16,"column":null}},"2":{"start":{"line":16,"column":45},"end":{"line":16,"column":120}},"3":{"start":{"line":18,"column":4},"end":{"line":25,"column":null}},"4":{"start":{"line":29,"column":0},"end":{"line":31,"column":null}},"5":{"start":{"line":33,"column":0},"end":{"line":37,"column":null}}},"fnMap":{"0":{"name":"(anonymous_0)","decl":{"start":{"line":4,"column":22},"end":{"line":4,"column":23}},"loc":{"start":{"line":4,"column":40},"end":{"line":27,"column":null}}},"1":{"name":"(anonymous_1)","decl":{"start":{"line":16,"column":33},"end":{"line":16,"column":45}},"loc":{"start":{"line":16,"column":45},"end":{"line":16,"column":120}}}},"branchMap":{},"s":{"0":1,"1":0,"2":0,"3":0,"4":1,"5":1},"f":{"0":0,"1":0},"b":{}}
,"/Users/kenichibeveridge/code/chungus84/DigitalFutures/challenges/news-summary/news-summary-challenge/src/utils/defaultImage.js": {"path":"/Users/kenichibeveridge/code/chungus84/DigitalFutures/challenges/news-summary/news-summary-challenge/src/utils/defaultImage.js","statementMap":{"0":{"start":{"line":1,"column":28},"end":{"line":1,"column":154}}},"fnMap":{},"branchMap":{},"s":{"0":1},"f":{},"b":{}}
,"/Users/kenichibeveridge/code/chungus84/DigitalFutures/challenges/news-summary/news-summary-challenge/src/utils/newsDataService.js": {"path":"/Users/kenichibeveridge/code/chungus84/DigitalFutures/challenges/news-summary/news-summary-challenge/src/utils/newsDataService.js","statementMap":{"0":{"start":{"line":3,"column":13},"end":{"line":3,"column":24}},"1":{"start":{"line":4,"column":13},"end":{"line":4,"column":17}},"2":{"start":{"line":9,"column":23},"end":{"line":19,"column":1}},"3":{"start":{"line":10,"column":4},"end":{"line":18,"column":5}},"4":{"start":{"line":12,"column":29},"end":{"line":12,"column":79}},"5":{"start":{"line":13,"column":20},"end":{"line":13,"column":48}},"6":{"start":{"line":14,"column":8},"end":{"line":14,"column":19}},"7":{"start":{"line":17,"column":8},"end":{"line":17,"column":21}},"8":{"start":{"line":21,"column":30},"end":{"line":28,"column":1}},"9":{"start":{"line":22,"column":4},"end":{"line":27,"column":5}},"10":{"start":{"line":23,"column":8},"end":{"line":23,"column":44}},"11":{"start":{"line":26,"column":8},"end":{"line":26,"column":35}}},"fnMap":{"0":{"name":"(anonymous_0)","decl":{"start":{"line":9,"column":23},"end":{"line":9,"column":24}},"loc":{"start":{"line":9,"column":35},"end":{"line":19,"column":1}}},"1":{"name":"(anonymous_1)","decl":{"start":{"line":21,"column":30},"end":{"line":21,"column":31}},"loc":{"start":{"line":21,"column":43},"end":{"line":28,"column":1}}}},"branchMap":{},"s":{"0":1,"1":1,"2":1,"3":6,"4":6,"5":4,"6":4,"7":2,"8":1,"9":6,"10":6,"11":2},"f":{"0":6,"1":6},"b":{}}
}
