{"/Users/kenichibeveridge/code/chungus84/DigitalFutures/challenges/news-summary/news-summary-challenge/src/Components/HeadlineCard.jsx": {"path":"/Users/kenichibeveridge/code/chungus84/DigitalFutures/challenges/news-summary/news-summary-challenge/src/Components/HeadlineCard.jsx","statementMap":{"0":{"start":{"line":6,"column":21},"end":{"line":23,"column":null}},"1":{"start":{"line":8,"column":21},"end":{"line":8,"column":null}},"2":{"start":{"line":9,"column":20},"end":{"line":9,"column":null}},"3":{"start":{"line":10,"column":27},"end":{"line":10,"column":null}},"4":{"start":{"line":12,"column":4},"end":{"line":20,"column":null}},"5":{"start":{"line":15,"column":27},"end":{"line":15,"column":null}},"6":{"start":{"line":25,"column":0},"end":{"line":30,"column":null}}},"fnMap":{"0":{"name":"(anonymous_0)","decl":{"start":{"line":6,"column":21},"end":{"line":6,"column":22}},"loc":{"start":{"line":6,"column":55},"end":{"line":23,"column":null}}},"1":{"name":"(anonymous_1)","decl":{"start":{"line":15,"column":21},"end":{"line":15,"column":27}},"loc":{"start":{"line":15,"column":27},"end":{"line":15,"column":null}}}},"branchMap":{"0":{"loc":{"start":{"line":9,"column":20},"end":{"line":9,"column":null}},"type":"cond-expr","locations":[{"start":{"line":9,"column":39},"end":{"line":9,"column":57}},{"start":{"line":9,"column":57},"end":{"line":9,"column":null}}]},"1":{"loc":{"start":{"line":10,"column":27},"end":{"line":10,"column":null}},"type":"cond-expr","locations":[{"start":{"line":10,"column":46},"end":{"line":10,"column":65}},{"start":{"line":10,"column":65},"end":{"line":10,"column":null}}]}},"s":{"0":1,"1":2,"2":2,"3":2,"4":2,"5":0,"6":1},"f":{"0":2,"1":0},"b":{"0":[1,1],"1":[1,1]}}
,"/Users/kenichibeveridge/code/chungus84/DigitalFutures/challenges/news-summary/news-summary-challenge/src/utils/defaultImage.js": {"path":"/Users/kenichibeveridge/code/chungus84/DigitalFutures/challenges/news-summary/news-summary-challenge/src/utils/defaultImage.js","statementMap":{"0":{"start":{"line":1,"column":28},"end":{"line":1,"column":154}}},"fnMap":{},"branchMap":{},"s":{"0":1},"f":{},"b":{}}
,"/Users/kenichibeveridge/code/chungus84/DigitalFutures/challenges/news-summary/news-summary-challenge/src/utils/newsDataService.js": {"path":"/Users/kenichibeveridge/code/chungus84/DigitalFutures/challenges/news-summary/news-summary-challenge/src/utils/newsDataService.js","statementMap":{"0":{"start":{"line":3,"column":13},"end":{"line":3,"column":38}},"1":{"start":{"line":4,"column":13},"end":{"line":4,"column":38}},"2":{"start":{"line":7,"column":22},"end":{"line":7,"column":55}},"3":{"start":{"line":8,"column":16},"end":{"line":8,"column":53}},"4":{"start":{"line":10,"column":23},"end":{"line":20,"column":1}},"5":{"start":{"line":11,"column":4},"end":{"line":19,"column":5}},"6":{"start":{"line":13,"column":29},"end":{"line":13,"column":79}},"7":{"start":{"line":14,"column":20},"end":{"line":14,"column":48}},"8":{"start":{"line":15,"column":8},"end":{"line":15,"column":19}},"9":{"start":{"line":18,"column":8},"end":{"line":18,"column":21}},"10":{"start":{"line":22,"column":30},"end":{"line":29,"column":1}},"11":{"start":{"line":23,"column":4},"end":{"line":28,"column":5}},"12":{"start":{"line":24,"column":8},"end":{"line":24,"column":44}},"13":{"start":{"line":27,"column":8},"end":{"line":27,"column":35}}},"fnMap":{"0":{"name":"(anonymous_0)","decl":{"start":{"line":10,"column":23},"end":{"line":10,"column":24}},"loc":{"start":{"line":10,"column":35},"end":{"line":20,"column":1}}},"1":{"name":"(anonymous_1)","decl":{"start":{"line":22,"column":30},"end":{"line":22,"column":31}},"loc":{"start":{"line":22,"column":43},"end":{"line":29,"column":1}}}},"branchMap":{},"s":{"0":1,"1":1,"2":1,"3":1,"4":1,"5":6,"6":6,"7":4,"8":4,"9":2,"10":1,"11":6,"12":6,"13":2},"f":{"0":6,"1":6},"b":{}}
}
